<?xml version="1.0" encoding="UTF-8"?>
<!-- Generated by org.testng.reporters.JUnitReportReporter -->
<testsuite hostname="DESKTOP-KB9HUTP" failures="0" tests="1" name="ObjectsCount" time="7.005" errors="0" timestamp="2023-09-18T14:32:50 IST" skipped="0">
  <testcase classname="ObjectsCount" name="Totalcount" time="7.005"/>
</testsuite> <!-- ObjectsCount -->
