<?xml version="1.0" encoding="UTF-8"?>
<!-- Generated by org.testng.reporters.JUnitReportReporter -->
<testsuite hostname="DESKTOP-KB9HUTP" failures="0" tests="1" name="AmazonlinkOne" time="5.394" errors="0" timestamp="2023-09-18T12:36:13 IST" skipped="0">
  <testcase classname="AmazonlinkOne" name="GetLink" time="5.394"/>
</testsuite> <!-- AmazonlinkOne -->
